\BOOKMARK [1][-]{section*.1}{\376\377\0001\000\040\000I\000n\000t\000r\000o\000d\000u\000c\000t\000i\000o\000n}{}% 1
\BOOKMARK [1][-]{section*.2}{\376\377\0001\000.\0001\000\040\000A\000n\000c\000i\000e\000n\000t\000\040\000H\000i\000s\000t\000o\000r\000y\000\040\000o\000f\000\040\000C\000r\000y\000p\000t\000o\000g\000r\000a\000p\000h\000y}{}% 2
\BOOKMARK [2][-]{section*.3}{\376\377\000C\000a\000e\000s\000a\000r\000'\000s\000\040\000C\000i\000p\000h\000e\000r}{section*.2}% 3
\BOOKMARK [3][-]{section*.4}{\376\377\000S\000p\000a\000r\000t\000a\000n\000\040\000S\000c\000y\000t\000a\000l\000e}{section*.3}% 4
\BOOKMARK [1][-]{section*.5}{\376\377\0001\000.\0002\000\040\000C\000o\000n\000t\000e\000m\000p\000o\000r\000a\000r\000y\000\040\000C\000r\000y\000p\000t\000o\000g\000r\000a\000p\000h\000y}{}% 5
\BOOKMARK [2][-]{section*.6}{\376\377\000A\000s\000y\000m\000e\000t\000r\000i\000c\000\040\000p\000u\000b\000l\000i\000c\000-\000p\000r\000i\000v\000a\000t\000e\000\040\000K\000e\000y\000s}{section*.5}% 6
\BOOKMARK [3][-]{section*.7}{\376\377\000D\000i\000f\000f\000i\000e\000-\000H\000e\000l\000l\000m\000a\000n}{section*.6}% 7
\BOOKMARK [3][-]{section*.8}{\376\377\000A\000\040\000S\000i\000m\000p\000l\000e\000\040\000E\000x\000a\000m\000p\000l\000e}{section*.6}% 8
\BOOKMARK [3][-]{section*.9}{\376\377\000T\000r\000a\000p\000d\000o\000o\000r\000\040\000E\000n\000c\000r\000y\000p\000t\000i\000o\000n}{section*.6}% 9
\BOOKMARK [3][-]{section*.10}{\376\377\000D\000u\000a\000l\000\040\000D\000i\000s\000c\000o\000v\000e\000r\000i\000e\000s}{section*.6}% 10
\BOOKMARK [1][-]{section*.11}{\376\377\0002\000\040\000T\000h\000e\000\040\000R\000S\000A\000\040\000A\000l\000g\000o\000r\000i\000t\000h\000m}{}% 11
\BOOKMARK [1][-]{section*.12}{\376\377\0002\000.\0001\000\040\000F\000i\000n\000d\000i\000n\000g\000\040\000L\000a\000r\000g\000e\000\040\000P\000r\000i\000m\000e\000s\000\050\000p\000r\000o\000b\000\040\000o\000f\000\040\000p\000r\000i\000m\000e\000\040\0001\000/\0004\000,\000\040\000e\000t\000c\000.\000\040\000,\000\040\000\051}{}% 12
\BOOKMARK [2][-]{section*.13}{\376\377\000L\000e\000m\000m\000a\000\040\0001\000:}{section*.12}% 13
\BOOKMARK [3][-]{section*.14}{\376\377\000T\000h\000e\000o\000r\000e\000m\000\040\0001\000:\000\040\000F\000e\000r\000m\000a\000t\000'\000s\000\040\000L\000i\000t\000t\000l\000e\000\040\000T\000h\000e\000o\000r\000e\000m}{section*.13}% 14
\BOOKMARK [3][-]{section*.16}{\376\377\000T\000h\000e\000o\000r\000e\000m\000\040\0002\000:\000\040\000F\000e\000r\000m\000a\000t\000\040\000P\000r\000i\000m\000a\000l\000i\000t\000y\000\040\000T\000e\000s\000t}{section*.13}% 15
\BOOKMARK [3][-]{section*.17}{\376\377\000D\000e\000f\000i\000n\000i\000t\000i\000o\000n\000\040\0001\000:\000\040\000F\000e\000r\000m\000a\000t\000\040\000P\000s\000e\000u\000d\000o\000p\000r\000i\000m\000e}{section*.13}% 16
\BOOKMARK [3][-]{section*.18}{\376\377\000D\000e\000f\000i\000n\000i\000t\000i\000o\000n\000\040\0002\000:\000\040\000S\000t\000r\000o\000n\000g\000\040\000P\000s\000e\000u\000d\000o\000p\000r\000i\000m\000e}{section*.13}% 17
\BOOKMARK [3][-]{section*.19}{\376\377\000T\000h\000e\000o\000r\000e\000m\000\040\0003\000:}{section*.13}% 18
\BOOKMARK [3][-]{section*.20}{\376\377\000L\000e\000m\000m\000a\000\040\0002\000:}{section*.13}% 19
\BOOKMARK [3][-]{section*.21}{\376\377\000L\000e\000m\000m\000a\000\040\0003\000:}{section*.13}% 20
\BOOKMARK [3][-]{section*.22}{\376\377\000T\000h\000e\000\040\000R\000a\000b\000i\000n\000-\000M\000i\000l\000l\000e\000r\000\040\000A\000l\000g\000o\000r\000i\000t\000h\000m}{section*.13}% 21
\BOOKMARK [1][-]{section*.24}{\376\377\0002\000.\0002\000\040\000U\000s\000i\000n\000g\000\040\000E\000u\000l\000e\000r\000'\000s\000\040\000T\000o\000t\000i\000e\000n\000t\000\040\000F\000u\000n\000c\000t\000i\000o\000n}{}% 22
\BOOKMARK [2][-]{section*.25}{\376\377\000T\000h\000e\000o\000r\000e\000m\000\040\0004\000:\000\040\000U\000n\000i\000q\000u\000e\000\040\000F\000a\000c\000t\000o\000r\000i\000z\000a\000t\000i\000o\000n\000\040\000T\000h\000e\000o\000r\000e\000m}{section*.24}% 23
\BOOKMARK [3][-]{section*.26}{\376\377\000E\000u\000l\000e\000r\000'\000s\000\040\000T\000o\000t\000i\000e\000n\000t\000\040\000F\000u\000n\000c\000t\000i\000o\000n}{section*.25}% 24
\BOOKMARK [3][-]{section*.27}{\376\377\000L\000e\000m\000m\000a\000\040\0002}{section*.25}% 25
\BOOKMARK [1][-]{section*.29}{\376\377\0002\000.\0003\000\040\000E\000n\000c\000r\000y\000p\000t\000i\000o\000n\000\040\000a\000n\000d\000\040\000D\000e\000c\000r\000y\000p\000t\000i\000o\000n}{}% 26
\BOOKMARK [1][-]{section*.30}{\376\377\000R\000S\000A\000\040\000E\000x\000a\000m\000p\000l\000e}{}% 27
\BOOKMARK [1][-]{section*.31}{\376\377\000N\000e\000x\000t\000\040\000G\000e\000n\000e\000r\000a\000t\000i\000o\000n\000\040\000i\000n\000\040\000E\000n\000c\000r\000y\000p\000t\000i\000o\000n\000\040\000S\000t\000a\000n\000d\000a\000r\000d\000s}{}% 28
\BOOKMARK [2][-]{section*.32}{\376\377\000N\000I\000S\000T}{section*.31}% 29
\BOOKMARK [2][-]{section*.33}{\376\377\000Q\000u\000a\000n\000t\000u\000m\000\040\000C\000o\000m\000p\000u\000t\000i\000n\000g}{section*.31}% 30
\BOOKMARK [2][-]{section*.34}{\376\377\000S\000t\000a\000n\000d\000a\000r\000d\000i\000z\000e\000d\000\040\000A\000l\000g\000o\000r\000i\000t\000h\000m}{section*.31}% 31
\BOOKMARK [1][-]{section*.35}{\376\377\000C\000o\000n\000c\000l\000u\000s\000i\000o\000n\000\050\000N\000o\000t\000e\000:\000\040\000S\000t\000i\000l\000l\000\040\000n\000e\000e\000d\000\051}{}% 32
\BOOKMARK [1][-]{section*.36}{\376\377\000N\000o\000t\000e\000s\000:}{}% 33
\BOOKMARK [1][-]{section*.37}{\376\377\000R\000e\000f\000e\000r\000e\000n\000c\000e\000s}{}% 34
\BOOKMARK [1][-]{section*.38}{\376\377\000A\000p\000p\000e\000n\000d\000i\000x}{}% 35
\BOOKMARK [1][-]{section*.39}{\376\377\000A\000p\000p\000e\000n\000d\000i\000x}{}% 36
\BOOKMARK [1][-]{section*.40}{\376\377\000A\000p\000p\000e\000n\000d\000i\000x\000\040\000-\000\040\000A\000c\000r\000o\000n\000y\000m\000s}{}% 37
